  [1m[36m (7.6ms)[0m  [1mCREATE TABLE "schema_migrations" ("version" character varying NOT NULL) [0m
  [1m[35m (2.4ms)[0m  CREATE UNIQUE INDEX  "unique_schema_migrations" ON "schema_migrations"  ("version")
  [1m[36mActiveRecord::SchemaMigration Load (0.4ms)[0m  [1mSELECT "schema_migrations".* FROM "schema_migrations"[0m
Migrating to CreatePeopleTable (20161130060529)
  [1m[35m (1.3ms)[0m  BEGIN
DEPRECATION WARNING: `#timestamps` was called without specifying an option for `null`. In Rails 5, this behavior will change to `null: false`. You should manually specify `null: true` to prevent the behavior of your existing migrations from changing. (called from block in change at /Users/borisgrogg/Desktop/Directory/db/migrate/20161130060529_create_people_table.rb:6)
  [1m[36m (12.2ms)[0m  [1mCREATE TABLE "people" ("id" serial primary key, "name" character varying NOT NULL, "house_id" integer NOT NULL, "created_at" timestamp, "updated_at" timestamp) [0m
  [1m[35mSQL (2.7ms)[0m  INSERT INTO "schema_migrations" ("version") VALUES ($1)  [["version", "20161130060529"]]
  [1m[36m (1.7ms)[0m  [1mCOMMIT[0m
  [1m[35mActiveRecord::SchemaMigration Load (0.3ms)[0m  SELECT "schema_migrations".* FROM "schema_migrations"
  [1m[36m (6.4ms)[0m  [1mSELECT t2.oid::regclass::text AS to_table, a1.attname AS column, a2.attname AS primary_key, c.conname AS name, c.confupdtype AS on_update, c.confdeltype AS on_delete
FROM pg_constraint c
JOIN pg_class t1 ON c.conrelid = t1.oid
JOIN pg_class t2 ON c.confrelid = t2.oid
JOIN pg_attribute a1 ON a1.attnum = c.conkey[1] AND a1.attrelid = t1.oid
JOIN pg_attribute a2 ON a2.attnum = c.confkey[1] AND a2.attrelid = t2.oid
JOIN pg_namespace t3 ON c.connamespace = t3.oid
WHERE c.contype = 'f'
  AND t1.relname = 'people'
  AND t3.nspname = ANY (current_schemas(false))
ORDER BY c.conname
[0m
  [1m[36mActiveRecord::SchemaMigration Load (0.6ms)[0m  [1mSELECT "schema_migrations".* FROM "schema_migrations"[0m
Migrating to CreateHousesTable (20161130061206)
  [1m[35m (0.2ms)[0m  BEGIN
DEPRECATION WARNING: `#timestamps` was called without specifying an option for `null`. In Rails 5, this behavior will change to `null: false`. You should manually specify `null: true` to prevent the behavior of your existing migrations from changing. (called from block in change at /Users/borisgrogg/Desktop/Directory/db/migrate/20161130061206_create_houses_table.rb:5)
  [1m[36m (8.1ms)[0m  [1mCREATE TABLE "houses" ("id" serial primary key, "address" character varying NOT NULL, "created_at" timestamp, "updated_at" timestamp) [0m
  [1m[35mSQL (0.3ms)[0m  INSERT INTO "schema_migrations" ("version") VALUES ($1)  [["version", "20161130061206"]]
  [1m[36m (1.8ms)[0m  [1mCOMMIT[0m
  [1m[35mActiveRecord::SchemaMigration Load (0.4ms)[0m  SELECT "schema_migrations".* FROM "schema_migrations"
  [1m[36m (5.9ms)[0m  [1mSELECT t2.oid::regclass::text AS to_table, a1.attname AS column, a2.attname AS primary_key, c.conname AS name, c.confupdtype AS on_update, c.confdeltype AS on_delete
FROM pg_constraint c
JOIN pg_class t1 ON c.conrelid = t1.oid
JOIN pg_class t2 ON c.confrelid = t2.oid
JOIN pg_attribute a1 ON a1.attnum = c.conkey[1] AND a1.attrelid = t1.oid
JOIN pg_attribute a2 ON a2.attnum = c.confkey[1] AND a2.attrelid = t2.oid
JOIN pg_namespace t3 ON c.connamespace = t3.oid
WHERE c.contype = 'f'
  AND t1.relname = 'houses'
  AND t3.nspname = ANY (current_schemas(false))
ORDER BY c.conname
[0m
  [1m[35m (3.6ms)[0m  SELECT t2.oid::regclass::text AS to_table, a1.attname AS column, a2.attname AS primary_key, c.conname AS name, c.confupdtype AS on_update, c.confdeltype AS on_delete
FROM pg_constraint c
JOIN pg_class t1 ON c.conrelid = t1.oid
JOIN pg_class t2 ON c.confrelid = t2.oid
JOIN pg_attribute a1 ON a1.attnum = c.conkey[1] AND a1.attrelid = t1.oid
JOIN pg_attribute a2 ON a2.attnum = c.confkey[1] AND a2.attrelid = t2.oid
JOIN pg_namespace t3 ON c.connamespace = t3.oid
WHERE c.contype = 'f'
  AND t1.relname = 'people'
  AND t3.nspname = ANY (current_schemas(false))
ORDER BY c.conname

  [1m[36mPerson Load (2.8ms)[0m  [1mSELECT  "people".* FROM "people"  ORDER BY "people"."id" ASC LIMIT 1[0m
  [1m[35m (0.2ms)[0m  BEGIN
  [1m[36mSQL (1.2ms)[0m  [1mINSERT INTO "people" ("name", "house_id", "created_at", "updated_at") VALUES ($1, $2, $3, $4) RETURNING "id"[0m  [["name", "Jim Morrison"], ["house_id", 1], ["created_at", "2016-11-30 06:24:15.867054"], ["updated_at", "2016-11-30 06:24:15.867054"]]
  [1m[35m (1.5ms)[0m  COMMIT
  [1m[36mPerson Load (1.6ms)[0m  [1mSELECT  "people".* FROM "people"  ORDER BY "people"."id" ASC LIMIT 1[0m
  [1m[35m (0.2ms)[0m  BEGIN
  [1m[36mSQL (1.1ms)[0m  [1mINSERT INTO "people" ("name", "house_id", "created_at", "updated_at") VALUES ($1, $2, $3, $4) RETURNING "id"[0m  [["name", "Janis Joplin"], ["house_id", 3], ["created_at", "2016-11-30 06:26:00.844025"], ["updated_at", "2016-11-30 06:26:00.844025"]]
  [1m[35m (1.4ms)[0m  COMMIT
  [1m[36mPerson Load (0.7ms)[0m  [1mSELECT  "people".* FROM "people"  ORDER BY "people"."id" DESC LIMIT 1[0m
  [1m[35mPerson Load (0.5ms)[0m  SELECT  "people".* FROM "people"  ORDER BY "people"."id" ASC LIMIT 1
  [1m[36mHouse Load (1.0ms)[0m  [1mSELECT  "houses".* FROM "houses"  ORDER BY "houses"."id" ASC LIMIT 1[0m
  [1m[35m (0.3ms)[0m  BEGIN
  [1m[36mSQL (0.7ms)[0m  [1mINSERT INTO "houses" ("address", "created_at", "updated_at") VALUES ($1, $2, $3) RETURNING "id"[0m  [["address", "1600 Penn"], ["created_at", "2016-11-30 06:28:37.349157"], ["updated_at", "2016-11-30 06:28:37.349157"]]
  [1m[35m (1.7ms)[0m  COMMIT
  [1m[36mHouse Load (0.7ms)[0m  [1mSELECT  "houses".* FROM "houses"  ORDER BY "houses"."id" ASC LIMIT 1[0m
  [1m[35m (0.3ms)[0m  BEGIN
  [1m[36mSQL (0.5ms)[0m  [1mINSERT INTO "houses" ("address", "created_at", "updated_at") VALUES ($1, $2, $3) RETURNING "id"[0m  [["address", "30 Rock"], ["created_at", "2016-11-30 06:29:17.541801"], ["updated_at", "2016-11-30 06:29:17.541801"]]
  [1m[35m (1.7ms)[0m  COMMIT
  [1m[36m (0.2ms)[0m  [1mBEGIN[0m
  [1m[35mSQL (0.8ms)[0m  INSERT INTO "houses" ("address", "created_at", "updated_at") VALUES ($1, $2, $3) RETURNING "id"  [["address", "1 Infinite Loop Dr."], ["created_at", "2016-11-30 06:29:51.650951"], ["updated_at", "2016-11-30 06:29:51.650951"]]
  [1m[36m (1.2ms)[0m  [1mCOMMIT[0m
  [1m[36m (0.2ms)[0m  [1mBEGIN[0m
  [1m[35mSQL (0.6ms)[0m  INSERT INTO "people" ("name", "house_id", "created_at", "updated_at") VALUES ($1, $2, $3, $4) RETURNING "id"  [["name", "Kurt Cobain"], ["house_id", 3], ["created_at", "2016-11-30 16:16:10.813811"], ["updated_at", "2016-11-30 16:16:10.813811"]]
  [1m[36m (1.5ms)[0m  [1mCOMMIT[0m
  [1m[35mHouse Load (0.5ms)[0m  SELECT  "houses".* FROM "houses" WHERE "houses"."id" = $1 LIMIT 1  [["id", 3]]
  [1m[36m (0.2ms)[0m  [1mBEGIN[0m
  [1m[35mSQL (0.6ms)[0m  INSERT INTO "houses" ("address", "created_at", "updated_at") VALUES ($1, $2, $3) RETURNING "id"  [["address", "160 Spear"], ["created_at", "2016-11-30 16:20:32.064847"], ["updated_at", "2016-11-30 16:20:32.064847"]]
  [1m[36m (1.3ms)[0m  [1mCOMMIT[0m
